  ActionGameState.cpp
C:\Users\maxim\source\repos\RiverPort\RiverPort\ActionGameState.cpp(38,117): warning C4305: 'argument': truncation from 'double' to 'float'
C:\Users\maxim\source\repos\RiverPort\RiverPort\ActionGameState.cpp(39,118): warning C4305: 'argument': truncation from 'double' to 'float'
C:\Users\maxim\source\repos\RiverPort\RiverPort\ActionGameState.cpp(40,118): warning C4305: 'argument': truncation from 'double' to 'float'
C:\Users\maxim\source\repos\RiverPort\RiverPort\ActionGameState.cpp(122,13): warning C4244: 'initializing': conversion from 'T' to 'int', possible loss of data
          with
          [
              T=float
          ]
C:\Users\maxim\source\repos\RiverPort\RiverPort\ActionGameState.cpp(124,14): warning C4244: 'initializing': conversion from 'T' to 'int', possible loss of data
          with
          [
              T=float
          ]
C:\Users\maxim\source\repos\RiverPort\RiverPort\ActionGameState.cpp(149,85): warning C4244: 'argument': conversion from 'T' to 'int', possible loss of data
          with
          [
              T=float
          ]
C:\Users\maxim\source\repos\RiverPort\RiverPort\ActionGameState.cpp(149,57): warning C4244: 'argument': conversion from 'T' to 'int', possible loss of data
          with
          [
              T=float
          ]
C:\Users\maxim\source\repos\RiverPort\RiverPort\ActionGameState.cpp(151,110): warning C4244: 'argument': conversion from 'T' to 'int', possible loss of data
          with
          [
              T=float
          ]
C:\Users\maxim\source\repos\RiverPort\RiverPort\ActionGameState.cpp(151,63): warning C4244: 'argument': conversion from 'T' to 'int', possible loss of data
          with
          [
              T=float
          ]
C:\Users\maxim\source\repos\RiverPort\RiverPort\ActionGameState.cpp(204,13): warning C4244: 'initializing': conversion from 'T' to 'int', possible loss of data
          with
          [
              T=float
          ]
C:\Users\maxim\source\repos\RiverPort\RiverPort\ActionGameState.cpp(206,14): warning C4244: 'initializing': conversion from 'T' to 'int', possible loss of data
          with
          [
              T=float
          ]
C:\Users\maxim\source\repos\RiverPort\RiverPort\ActionGameState.cpp(229,43): warning C4244: 'argument': conversion from 'int' to 'float', possible loss of data
C:\Users\maxim\source\repos\RiverPort\RiverPort\ActionGameState.cpp(229,29): warning C4244: 'argument': conversion from 'int' to 'float', possible loss of data
C:\Users\maxim\source\repos\RiverPort\RiverPort\ActionGameState.cpp(234,38): warning C4244: 'argument': conversion from 'int' to 'float', possible loss of data
C:\Users\maxim\source\repos\RiverPort\RiverPort\ActionGameState.cpp(234,24): warning C4244: 'argument': conversion from 'int' to 'float', possible loss of data
  Generating code
  2 of 351 functions ( 0.6%) were compiled, the rest were copied from previous compilation.
    0 functions were new in current compilation
    1 functions had inline decision re-evaluated but remain unchanged
  Finished generating code
  RiverPort.vcxproj -> C:\Users\maxim\source\repos\RiverPort\x64\Release\RiverPort.exe
